c:\users\wagdi.s\documents\visual studio 2015\projects\cplusplustutorial\cplusplusprograms\cplusplusprograms\debug\cplusplusprograms.pch
c:\users\wagdi.s\documents\visual studio 2015\projects\cplusplustutorial\cplusplusprograms\cplusplusprograms\debug\vc140.pdb
c:\users\wagdi.s\documents\visual studio 2015\projects\cplusplustutorial\cplusplusprograms\cplusplusprograms\debug\vc140.idb
c:\users\wagdi.s\documents\visual studio 2015\projects\cplusplustutorial\cplusplusprograms\cplusplusprograms\debug\stdafx.obj
c:\users\wagdi.s\documents\visual studio 2015\projects\cplusplustutorial\cplusplusprograms\cplusplusprograms\debug\arraysandpointers.obj
c:\users\wagdi.s\documents\visual studio 2015\projects\cplusplustutorial\cplusplusprograms\cplusplusprograms\debug\function.obj
c:\users\wagdi.s\documents\visual studio 2015\projects\cplusplustutorial\cplusplusprograms\cplusplusprograms\debug\stackar.obj
c:\users\wagdi.s\documents\visual studio 2015\projects\cplusplustutorial\cplusplusprograms\cplusplusprograms\debug\structcustomtype.obj
c:\users\wagdi.s\documents\visual studio 2015\projects\cplusplustutorial\cplusplusprograms\cplusplusprograms\debug\singlylinkedlist.obj
c:\users\wagdi.s\documents\visual studio 2015\projects\cplusplustutorial\cplusplusprograms\cplusplusprograms\debug\stackmainll.obj
c:\users\wagdi.s\documents\visual studio 2015\projects\cplusplustutorial\cplusplusprograms\debug\cplusplusprograms.ilk
c:\users\wagdi.s\documents\visual studio 2015\projects\cplusplustutorial\cplusplusprograms\debug\cplusplusprograms.exe
c:\users\wagdi.s\documents\visual studio 2015\projects\cplusplustutorial\cplusplusprograms\debug\cplusplusprograms.pdb
c:\users\wagdi.s\documents\visual studio 2015\projects\cplusplustutorial\cplusplusprograms\cplusplusprograms\debug\cplusplusprograms.res
c:\users\wagdi.s\documents\visual studio 2015\projects\cplusplustutorial\cplusplusprograms\cplusplusprograms\debug\cplusplu.f0da05c7.tlog\cl.command.1.tlog
c:\users\wagdi.s\documents\visual studio 2015\projects\cplusplustutorial\cplusplusprograms\cplusplusprograms\debug\cplusplu.f0da05c7.tlog\cl.read.1.tlog
c:\users\wagdi.s\documents\visual studio 2015\projects\cplusplustutorial\cplusplusprograms\cplusplusprograms\debug\cplusplu.f0da05c7.tlog\cl.write.1.tlog
c:\users\wagdi.s\documents\visual studio 2015\projects\cplusplustutorial\cplusplusprograms\cplusplusprograms\debug\cplusplu.f0da05c7.tlog\link.command.1.tlog
c:\users\wagdi.s\documents\visual studio 2015\projects\cplusplustutorial\cplusplusprograms\cplusplusprograms\debug\cplusplu.f0da05c7.tlog\link.read.1.tlog
c:\users\wagdi.s\documents\visual studio 2015\projects\cplusplustutorial\cplusplusprograms\cplusplusprograms\debug\cplusplu.f0da05c7.tlog\link.write.1.tlog
c:\users\wagdi.s\documents\visual studio 2015\projects\cplusplustutorial\cplusplusprograms\cplusplusprograms\debug\cplusplu.f0da05c7.tlog\rc.command.1.tlog
c:\users\wagdi.s\documents\visual studio 2015\projects\cplusplustutorial\cplusplusprograms\cplusplusprograms\debug\cplusplu.f0da05c7.tlog\rc.read.1.tlog
c:\users\wagdi.s\documents\visual studio 2015\projects\cplusplustutorial\cplusplusprograms\cplusplusprograms\debug\cplusplu.f0da05c7.tlog\rc.write.1.tlog
